<?xml version="1.0" encoding="UTF-8"?>
<testsuite xmlns:xsi="http://www.w3.org/2001/XMLSchema-instance" xsi:noNamespaceSchemaLocation="https://maven.apache.org/surefire/maven-surefire-plugin/xsd/surefire-test-report-3.0.xsd" version="3.0" name="com.fitness.backend.BackendApplicationTests" time="25.373" tests="7" errors="0" skipped="0" failures="0">
  <properties>
[...]
</properties>
  <testcase name="testMultipartVideoUpload" classname="com.fitness.backend.BackendApplicationTests" time="4.555">
    <system-out><![CDATA[00:32:24.837 [main] INFO org.springframework.test.context.support.AnnotationConfigContextLoaderUtils -- Could not detect default configuration classes for test class [com.fitness.backend.BackendApplicationTests]: BackendApplicationTests does not declare any static, non-private, non-final, nested classes annotated with @Configuration.
00:32:25.158 [main] INFO org.springframework.boot.test.context.SpringBootTestContextBootstrapper -- Found @SpringBootConfiguration com.fitness.backend.BackendApplication for test class com.fitness.backend.BackendApplicationTests

  .   ____          _            __ _ _
 /\\ / ___'_ __ _ _(_)_ __  __ _ \ \ \ \
( ( )\___ | '_ | '_| | '_ \/ _` | \ \ \ \
 \\/  ___)| |_)| | | | | || (_| |  ) ) ) )
  '  |____| .__|_| |_|_| |_\__, | / / / /
 =========|_|==============|___/=/_/_/_/
 :: Spring Boot ::                (v3.2.4)

2026-07-31T00:32:26.550+05:30  INFO 20924 --- [battery-fitness-backend] [           main] c.f.backend.BackendApplicationTests      : Starting BackendApplicationTests using Java 21.0.7 with PID 20924 (started by ASHWATHKRISHNAA_PV in C:\Users\ASHWATHKRISHNAA_PV\Desktop\techno vanam\AI-Powered-Battery-Fitness-Assessment\Backend)
2026-07-31T00:32:26.553+05:30  INFO 20924 --- [battery-fitness-backend] [           main] c.f.backend.BackendApplicationTests      : No active profile set, falling back to 1 default profile: "default"
2026-07-31T00:32:29.384+05:30  INFO 20924 --- [battery-fitness-backend] [           main] .s.d.r.c.RepositoryConfigurationDelegate : Bootstrapping Spring Data JPA repositories in DEFAULT mode.
2026-07-31T00:32:29.664+05:30  INFO 20924 --- [battery-fitness-backend] [           main] .s.d.r.c.RepositoryConfigurationDelegate : Finished Spring Data repository scanning in 255 ms. Found 5 JPA repository interfaces.
2026-07-31T00:32:31.332+05:30  INFO 20924 --- [battery-fitness-backend] [           main] o.hibernate.jpa.internal.util.LogHelper  : HHH000204: Processing PersistenceUnitInfo [name: default]
2026-07-31T00:32:31.576+05:30  INFO 20924 --- [battery-fitness-backend] [           main] org.hibernate.Version                    : HHH000412: Hibernate ORM core version 6.4.4.Final
2026-07-31T00:32:31.700+05:30  INFO 20924 --- [battery-fitness-backend] [           main] o.h.c.internal.RegionFactoryInitiator    : HHH000026: Second-level cache disabled
2026-07-31T00:32:32.616+05:30  INFO 20924 --- [battery-fitness-backend] [           main] o.s.o.j.p.SpringPersistenceUnitInfo      : No LoadTimeWeaver setup: ignoring JPA class transformer
2026-07-31T00:32:32.712+05:30  INFO 20924 --- [battery-fitness-backend] [           main] com.zaxxer.hikari.HikariDataSource       : HikariPool-1 - Starting...
2026-07-31T00:32:33.274+05:30  INFO 20924 --- [battery-fitness-backend] [           main] com.zaxxer.hikari.pool.HikariPool        : HikariPool-1 - Added connection conn0: url=jdbc:h2:mem:fitnessdb user=SA
2026-07-31T00:32:33.280+05:30  INFO 20924 --- [battery-fitness-backend] [           main] com.zaxxer.hikari.HikariDataSource       : HikariPool-1 - Start completed.
2026-07-31T00:32:33.363+05:30  WARN 20924 --- [battery-fitness-backend] [           main] org.hibernate.orm.deprecation            : HHH90000025: H2Dialect does not need to be specified explicitly using 'hibernate.dialect' (remove the property setting and it will be selected by default)
2026-07-31T00:32:36.244+05:30  INFO 20924 --- [battery-fitness-backend] [           main] o.h.e.t.j.p.i.JtaPlatformInitiator       : HHH000489: No JTA platform available (set 'hibernate.transaction.jta.platform' to enable JTA platform integration)
2026-07-31T00:32:36.455+05:30  INFO 20924 --- [battery-fitness-backend] [           main] j.LocalContainerEntityManagerFactoryBean : Initialized JPA EntityManagerFactory for persistence unit 'default'
2026-07-31T00:32:37.552+05:30  INFO 20924 --- [battery-fitness-backend] [           main] o.s.d.j.r.query.QueryEnhancerFactory     : Hibernate is in classpath; If applicable, HQL parser will be used.
2026-07-31T00:32:39.889+05:30  WARN 20924 --- [battery-fitness-backend] [           main] JpaBaseConfiguration$JpaWebConfiguration : spring.jpa.open-in-view is enabled by default. Therefore, database queries may be performed during view rendering. Explicitly configure spring.jpa.open-in-view to disable this warning
2026-07-31T00:32:40.846+05:30  INFO 20924 --- [battery-fitness-backend] [           main] o.s.s.web.DefaultSecurityFilterChain     : Will secure any request with [org.springframework.security.web.session.DisableEncodeUrlFilter@370c9681, org.springframework.security.web.context.request.async.WebAsyncManagerIntegrationFilter@419fc1d6, org.springframework.security.web.context.SecurityContextHolderFilter@1994665d, org.springframework.security.web.header.HeaderWriterFilter@79a1f0a1, org.springframework.web.filter.CorsFilter@46c85b61, org.springframework.security.web.authentication.logout.LogoutFilter@7f9f3516, com.fitness.backend.security.JwtAuthenticationFilter@4746b5d, org.springframework.security.web.savedrequest.RequestCacheAwareFilter@3d44da41, org.springframework.security.web.servletapi.SecurityContextHolderAwareRequestFilter@524ba12b, org.springframework.security.web.authentication.AnonymousAuthenticationFilter@192800d, org.springframework.security.web.session.SessionManagementFilter@53a1cff1, org.springframework.security.web.access.ExceptionTranslationFilter@4788c0a1, org.springframework.security.web.access.intercept.AuthorizationFilter@5f453412]
2026-07-31T00:32:41.817+05:30  INFO 20924 --- [battery-fitness-backend] [           main] o.s.b.a.h2.H2ConsoleAutoConfiguration    : H2 console available at '/h2-console'. Database available at 'jdbc:h2:mem:fitnessdb'
2026-07-31T00:32:42.006+05:30  INFO 20924 --- [battery-fitness-backend] [           main] o.s.b.t.m.w.SpringBootMockServletContext : Initializing Spring TestDispatcherServlet ''
2026-07-31T00:32:42.007+05:30  INFO 20924 --- [battery-fitness-backend] [           main] o.s.t.web.servlet.TestDispatcherServlet  : Initializing Servlet ''
2026-07-31T00:32:42.009+05:30  INFO 20924 --- [battery-fitness-backend] [           main] o.s.t.web.servlet.TestDispatcherServlet  : Completed initialization in 2 ms
2026-07-31T00:32:42.064+05:30  INFO 20924 --- [battery-fitness-backend] [           main] c.f.backend.BackendApplicationTests      : Started BackendApplicationTests in 16.397 seconds (process running for 19.364)
2026-07-31T00:32:45.025+05:30  INFO 20924 --- [battery-fitness-backend] [           main] c.f.b.service.VideoProcessingService     : Starting background video processing task for record ID: 7bd32ecb-03ac-495a-80af-7bbf0d1aab4d
2026-07-31T00:32:46.596+05:30  INFO 20924 --- [battery-fitness-backend] [           main] c.f.b.service.VideoProcessingService     : Successfully completed background processing for video record ID: 7bd32ecb-03ac-495a-80af-7bbf0d1aab4d
]]></system-out>
    <system-err><![CDATA[WARNING: A Java agent has been loaded dynamically (C:\Users\ASHWATHKRISHNAA_PV\.m2\repository\net\bytebuddy\byte-buddy-agent\1.14.12\byte-buddy-agent-1.14.12.jar)
WARNING: If a serviceability tool is in use, please run with -XX:+EnableDynamicAgentLoading to hide this warning
WARNING: If a serviceability tool is not in use, please run with -Djdk.instrument.traceUsage for more information
WARNING: Dynamic loading of agents will be disallowed by default in a future release
]]></system-err>
  </testcase>
  <testcase name="testGetSummaryReport" classname="com.fitness.backend.BackendApplicationTests" time="0.3"/>
  <testcase name="testUserRegistrationAndLogin" classname="com.fitness.backend.BackendApplicationTests" time="0.687"/>
  <testcase name="testUploadHeightResultWithIdempotencyKey" classname="com.fitness.backend.BackendApplicationTests" time="0.276"/>
  <testcase name="testOpenApiDocsAvailable" classname="com.fitness.backend.BackendApplicationTests" time="1.297">
    <system-out><![CDATA[2026-07-31T00:32:49.167+05:30  INFO 20924 --- [battery-fitness-backend] [           main] o.springdoc.api.AbstractOpenApiResource  : Init duration for springdoc-openapi is: 1038 ms
]]></system-out>
  </testcase>
  <testcase name="testBulkOfflineSync" classname="com.fitness.backend.BackendApplicationTests" time="0.221"/>
  <testcase name="testRegisterAthleteAndDuplicatePrevention" classname="com.fitness.backend.BackendApplicationTests" time="0.216"/>
</testsuite>